#
# There is insufficient memory for the Java Runtime Environment to continue.
# Native memory allocation (malloc) failed to allocate 1697824 bytes for Chunk::new
# Possible reasons:
#   The system is out of physical RAM or swap space
#   In 32 bit mode, the process size limit was hit
# Possible solutions:
#   Reduce memory load on the system
#   Increase physical memory or swap space
#   Check if swap backing store is full
#   Use 64 bit Java on a 64 bit OS
#   Decrease Java heap size (-Xmx/-Xms)
#   Decrease number of Java threads
#   Decrease Java thread stack sizes (-Xss)
#   Set larger code cache with -XX:ReservedCodeCacheSize=
# This output file may be truncated or incomplete.
#
#  Out of Memory Error (allocation.cpp:390), pid=1236, tid=0x00000000000024b4
#
# JRE version: OpenJDK Runtime Environment (8.0_152-b01) (build 1.8.0_152-release-1343-b01)
# Java VM: OpenJDK 64-Bit Server VM (25.152-b01 mixed mode windows-amd64 compressed oops)
# Failed to write core dump. Minidumps are not enabled by default on client versions of Windows
#

---------------  T H R E A D  ---------------

Current thread (0x0000000016c2b000):  JavaThread "C2 CompilerThread0" daemon [_thread_in_native, id=9396, stack(0x0000000018270000,0x0000000018370000)]

Stack: [0x0000000018270000,0x0000000018370000]
[error occurred during error reporting (printing stack bounds), id 0xc0000005]

Native frames: (J=compiled Java code, j=interpreted, Vv=VM code, C=native code)


Current CompileTask:
C2:  26336 3769       4       com.sun.beans.TypeResolver::resolve (37 bytes)


---------------  P R O C E S S  ---------------

Java Threads: ( => current thread )
  0x000000001de51000 JavaThread "Cache worker for Build Output Cleanup Cache (C:\Users\Acer\AndroidStudioProjects\ProfesiIndah\.gradle\buildOutputCleanup)" [_thread_blocked, id=2588, stack(0x00000000206e0000,0x00000000207e0000)]
  0x000000001de55800 JavaThread "Build operations Thread 4" [_thread_blocked, id=9208, stack(0x00000000201e0000,0x00000000202e0000)]
  0x000000001de56800 JavaThread "Build operations Thread 3" [_thread_blocked, id=1832, stack(0x00000000200e0000,0x00000000201e0000)]
  0x000000001de54000 JavaThread "Build operations Thread 2" [_thread_blocked, id=12624, stack(0x000000001ffe0000,0x00000000200e0000)]
  0x000000001de52800 JavaThread "Build operations" [_thread_blocked, id=4444, stack(0x000000001fee0000,0x000000001ffe0000)]
  0x0000000019fa6800 JavaThread "Cache worker for execution history cache (C:\Users\Acer\.gradle\caches\5.1.1\executionHistory)" [_thread_blocked, id=12776, stack(0x000000001f9e0000,0x000000001fae0000)]
  0x0000000019fa5800 JavaThread "Cache worker for cache directory md-rule (C:\Users\Acer\.gradle\caches\5.1.1\md-rule)" [_thread_blocked, id=6076, stack(0x000000001f8e0000,0x000000001f9e0000)]
  0x0000000019fab800 JavaThread "Cache worker for cache directory md-supplier (C:\Users\Acer\.gradle\caches\5.1.1\md-supplier)" [_thread_blocked, id=3452, stack(0x000000001f7e0000,0x000000001f8e0000)]
  0x0000000019fa8000 JavaThread "Cache worker for file hash cache (C:\Users\Acer\AndroidStudioProjects\ProfesiIndah\.gradle\5.1.1\fileHashes)" [_thread_blocked, id=12316, stack(0x000000001ede0000,0x000000001eee0000)]
  0x0000000019fa8800 JavaThread "Cache worker for journal cache (C:\Users\Acer\.gradle\caches\journal-1)" [_thread_blocked, id=13304, stack(0x000000001b6c0000,0x000000001b7c0000)]
  0x0000000018e46800 JavaThread "File lock request listener" [_thread_in_native, id=8144, stack(0x000000001b5c0000,0x000000001b6c0000)]
  0x0000000018e35000 JavaThread "Cache worker for file hash cache (C:\Users\Acer\.gradle\caches\5.1.1\fileHashes)" [_thread_blocked, id=12248, stack(0x000000001b4c0000,0x000000001b5c0000)]
  0x0000000018717800 JavaThread "Thread-8" [_thread_blocked, id=13024, stack(0x000000001b3c0000,0x000000001b4c0000)]
  0x0000000018716800 JavaThread "Stdin handler" [_thread_blocked, id=8740, stack(0x000000001b2c0000,0x000000001b3c0000)]
  0x00000000186f1800 JavaThread "Asynchronous log dispatcher for DefaultDaemonConnection: socket connection from /127.0.0.1:50369 to /127.0.0.1:50370" [_thread_blocked, id=8044, stack(0x000000001b1c0000,0x000000001b2c0000)]
  0x00000000186ee800 JavaThread "Daemon worker" [_thread_in_native, id=4724, stack(0x000000001b0c0000,0x000000001b1c0000)]
  0x00000000186ed000 JavaThread "Cancel handler" [_thread_blocked, id=12276, stack(0x000000001afc0000,0x000000001b0c0000)]
  0x0000000019098000 JavaThread "Handler for socket connection from /127.0.0.1:50369 to /127.0.0.1:50370" [_thread_in_native, id=7284, stack(0x000000001acc0000,0x000000001adc0000)]
  0x0000000019097800 JavaThread "Daemon" [_thread_blocked, id=2668, stack(0x000000001abc0000,0x000000001acc0000)]
  0x0000000018f09800 JavaThread "Daemon periodic checks" [_thread_blocked, id=2828, stack(0x000000001aac0000,0x000000001abc0000)]
  0x00000000192fd000 JavaThread "Incoming local TCP Connector on port 50369" [_thread_in_native, id=12836, stack(0x000000001a880000,0x000000001a980000)]
  0x000000001859a800 JavaThread "Service Thread" daemon [_thread_blocked, id=13572, stack(0x0000000018970000,0x0000000018a70000)]
  0x0000000016c34000 JavaThread "C1 CompilerThread2" daemon [_thread_blocked, id=6776, stack(0x0000000018470000,0x0000000018570000)]
  0x0000000016c2e000 JavaThread "C2 CompilerThread1" daemon [_thread_in_native, id=6264, stack(0x0000000018370000,0x0000000018470000)]
=>0x0000000016c2b000 JavaThread "C2 CompilerThread0" daemon [_thread_in_native, id=9396, stack(0x0000000018270000,0x0000000018370000)]
  0x0000000016c37800 JavaThread "Attach Listener" daemon [_thread_blocked, id=5352, stack(0x0000000018170000,0x0000000018270000)]
  0x0000000016c36000 JavaThread "Signal Dispatcher" daemon [_thread_blocked, id=3184, stack(0x0000000018070000,0x0000000018170000)]
  0x00000000032bb800 JavaThread "Finalizer" daemon [_thread_blocked, id=6564, stack(0x0000000017e80000,0x0000000017f80000)]
  0x00000000032b1000 JavaThread "Reference Handler" daemon [_thread_blocked, id=10084, stack(0x0000000017d80000,0x0000000017e80000)]
  0x000000000314e000 JavaThread "main" [_thread_blocked, id=10852, stack(0x0000000003000000,0x0000000003100000)]

Other Threads:
  0x0000000016bf6000 VMThread [stack: 0x0000000017c80000,0x0000000017d80000] [id=13616]
  0x000000001859e000 WatcherThread [stack: 0x0000000018a70000,0x0000000018b70000] [id=7936]

VM state:not at safepoint (normal execution)

VM Mutex/Monitor currently owned by a thread: None

Heap:
 PSYoungGen      total 88064K, used 42346K [0x00000000e0000000, 0x00000000e7600000, 0x0000000100000000)
  eden space 77824K, 41% used [0x00000000e0000000,0x00000000e1f62258,0x00000000e4c00000)
  from space 10240K, 99% used [0x00000000e4c00000,0x00000000e55f85e8,0x00000000e5600000)
  to   space 11776K, 0% used [0x00000000e6a80000,0x00000000e6a80000,0x00000000e7600000)
 ParOldGen       total 90112K, used 19171K [0x00000000a0000000, 0x00000000a5800000, 0x00000000e0000000)
  object space 90112K, 21% used [0x00000000a0000000,0x00000000a12b8e90,0x00000000a5800000)
 Metaspace       used 45126K, capacity 46102K, committed 46376K, reserved 1089536K
  class space    used 6096K, capacity 6378K, committed 6440K, reserved 1048576K

Card table byte_map: [0x0000000012680000,0x0000000012990000] byte_map_base: 0x0000000012180000

Marking Bits: (ParMarkBitMap*) 0x0000000075065aa0
 Begin Bits: [0x0000000012f90000, 0x0000000014790000)
 End Bits:   [0x0000000014790000, 0x0000000015f90000)

Polling page: 0x0000000001780000

CodeCache: size=245760Kb used=12226Kb max_used=12226Kb free=233533Kb
 bounds [0x00000000032c0000, 0x0000000003ec0000, 0x00000000122c0000]
 total_blobs=4313 nmethods=3558 adapters=668
 compilation: enabled

Compilation events (10 events):
Event: 26.106 Thread 0x0000000016c34000 3785       3       java.lang.invoke.MethodHandleNatives::findMethodHandleType (7 bytes)
Event: 26.106 Thread 0x0000000016c34000 nmethod 3785 0x0000000003eb2110 code [0x0000000003eb2280, 0x0000000003eb23e8]
Event: 26.106 Thread 0x0000000016c34000 3786       3       jdk.internal.org.objectweb.asm.ClassWriter::<init> (122 bytes)
Event: 26.107 Thread 0x0000000016c34000 nmethod 3786 0x0000000003eb2490 code [0x0000000003eb26a0, 0x0000000003eb30c8]
Event: 26.107 Thread 0x0000000016c34000 3787       3       jdk.internal.org.objectweb.asm.ClassVisitor::<init> (7 bytes)
Event: 26.108 Thread 0x0000000016c34000 nmethod 3787 0x0000000003eb34d0 code [0x0000000003eb3660, 0x0000000003eb39c8]
Event: 26.168 Thread 0x0000000016c34000 3789       3       java.util.Collections$EmptySet::iterator (4 bytes)
Event: 26.168 Thread 0x0000000016c34000 nmethod 3789 0x0000000003eb3b50 code [0x0000000003eb3cc0, 0x0000000003eb3e70]
Event: 26.169 Thread 0x0000000016c34000 3790       3       sun.nio.fs.WindowsPathParser::normalize (233 bytes)
Event: 26.174 Thread 0x0000000016c34000 nmethod 3790 0x0000000003eb3f10 code [0x0000000003eb44c0, 0x0000000003eb83a8]

GC Heap History (10 events):
Event: 18.744 GC heap before
{Heap before GC invocations=9 (full 1):
 PSYoungGen      total 43520K, used 37804K [0x00000000e0000000, 0x00000000e4b00000, 0x0000000100000000)
  eden space 33280K, 100% used [0x00000000e0000000,0x00000000e2080000,0x00000000e2080000)
  from space 10240K, 44% used [0x00000000e2080000,0x00000000e24eb1a0,0x00000000e2a80000)
  to   space 10240K, 0% used [0x00000000e4100000,0x00000000e4100000,0x00000000e4b00000)
 ParOldGen       total 55808K, used 7732K [0x00000000a0000000, 0x00000000a3680000, 0x00000000e0000000)
  object space 55808K, 13% used [0x00000000a0000000,0x00000000a078d348,0x00000000a3680000)
 Metaspace       used 28885K, capacity 29404K, committed 29696K, reserved 1075200K
  class space    used 3878K, capacity 4071K, committed 4096K, reserved 1048576K
Event: 18.753 GC heap after
Heap after GC invocations=9 (full 1):
 PSYoungGen      total 64512K, used 6062K [0x00000000e0000000, 0x00000000e4980000, 0x0000000100000000)
  eden space 55808K, 0% used [0x00000000e0000000,0x00000000e0000000,0x00000000e3680000)
  from space 8704K, 69% used [0x00000000e4100000,0x00000000e46eb9c8,0x00000000e4980000)
  to   space 9728K, 0% used [0x00000000e3680000,0x00000000e3680000,0x00000000e4000000)
 ParOldGen       total 55808K, used 7732K [0x00000000a0000000, 0x00000000a3680000, 0x00000000e0000000)
  object space 55808K, 13% used [0x00000000a0000000,0x00000000a078d348,0x00000000a3680000)
 Metaspace       used 28885K, capacity 29404K, committed 29696K, reserved 1075200K
  class space    used 3878K, capacity 4071K, committed 4096K, reserved 1048576K
}
Event: 20.440 GC heap before
{Heap before GC invocations=10 (full 1):
 PSYoungGen      total 64512K, used 61870K [0x00000000e0000000, 0x00000000e4980000, 0x0000000100000000)
  eden space 55808K, 100% used [0x00000000e0000000,0x00000000e3680000,0x00000000e3680000)
  from space 8704K, 69% used [0x00000000e4100000,0x00000000e46eb9c8,0x00000000e4980000)
  to   space 9728K, 0% used [0x00000000e3680000,0x00000000e3680000,0x00000000e4000000)
 ParOldGen       total 55808K, used 7732K [0x00000000a0000000, 0x00000000a3680000, 0x00000000e0000000)
  object space 55808K, 13% used [0x00000000a0000000,0x00000000a078d348,0x00000000a3680000)
 Metaspace       used 31628K, capacity 32040K, committed 32256K, reserved 1077248K
  class space    used 4350K, capacity 4522K, committed 4608K, reserved 1048576K
Event: 20.450 GC heap after
Heap after GC invocations=10 (full 1):
 PSYoungGen      total 65536K, used 7850K [0x00000000e0000000, 0x00000000e6000000, 0x0000000100000000)
  eden space 55808K, 0% used [0x00000000e0000000,0x00000000e0000000,0x00000000e3680000)
  from space 9728K, 80% used [0x00000000e3680000,0x00000000e3e2a9b0,0x00000000e4000000)
  to   space 10240K, 0% used [0x00000000e5600000,0x00000000e5600000,0x00000000e6000000)
 ParOldGen       total 55808K, used 7740K [0x00000000a0000000, 0x00000000a3680000, 0x00000000e0000000)
  object space 55808K, 13% used [0x00000000a0000000,0x00000000a078f348,0x00000000a3680000)
 Metaspace       used 31628K, capacity 32040K, committed 32256K, reserved 1077248K
  class space    used 4350K, capacity 4522K, committed 4608K, reserved 1048576K
}
Event: 22.248 GC heap before
{Heap before GC invocations=11 (full 1):
 PSYoungGen      total 65536K, used 61566K [0x00000000e0000000, 0x00000000e6000000, 0x0000000100000000)
  eden space 55808K, 96% used [0x00000000e0000000,0x00000000e3475180,0x00000000e3680000)
  from space 9728K, 80% used [0x00000000e3680000,0x00000000e3e2a9b0,0x00000000e4000000)
  to   space 10240K, 0% used [0x00000000e5600000,0x00000000e5600000,0x00000000e6000000)
 ParOldGen       total 55808K, used 7740K [0x00000000a0000000, 0x00000000a3680000, 0x00000000e0000000)
  object space 55808K, 13% used [0x00000000a0000000,0x00000000a078f348,0x00000000a3680000)
 Metaspace       used 34777K, capacity 35438K, committed 35496K, reserved 1079296K
  class space    used 4802K, capacity 4996K, committed 5032K, reserved 1048576K
Event: 22.262 GC heap after
Heap after GC invocations=11 (full 1):
 PSYoungGen      total 88064K, used 6905K [0x00000000e0000000, 0x00000000e6000000, 0x0000000100000000)
  eden space 77824K, 0% used [0x00000000e0000000,0x00000000e0000000,0x00000000e4c00000)
  from space 10240K, 67% used [0x00000000e5600000,0x00000000e5cbe6b0,0x00000000e6000000)
  to   space 10240K, 0% used [0x00000000e4c00000,0x00000000e4c00000,0x00000000e5600000)
 ParOldGen       total 55808K, used 11056K [0x00000000a0000000, 0x00000000a3680000, 0x00000000e0000000)
  object space 55808K, 19% used [0x00000000a0000000,0x00000000a0acc368,0x00000000a3680000)
 Metaspace       used 34777K, capacity 35438K, committed 35496K, reserved 1079296K
  class space    used 4802K, capacity 4996K, committed 5032K, reserved 1048576K
}
Event: 22.262 GC heap before
{Heap before GC invocations=12 (full 2):
 PSYoungGen      total 88064K, used 6905K [0x00000000e0000000, 0x00000000e6000000, 0x0000000100000000)
  eden space 77824K, 0% used [0x00000000e0000000,0x00000000e0000000,0x00000000e4c00000)
  from space 10240K, 67% used [0x00000000e5600000,0x00000000e5cbe6b0,0x00000000e6000000)
  to   space 10240K, 0% used [0x00000000e4c00000,0x00000000e4c00000,0x00000000e5600000)
 ParOldGen       total 55808K, used 11056K [0x00000000a0000000, 0x00000000a3680000, 0x00000000e0000000)
  object space 55808K, 19% used [0x00000000a0000000,0x00000000a0acc368,0x00000000a3680000)
 Metaspace       used 34777K, capacity 35438K, committed 35496K, reserved 1079296K
  class space    used 4802K, capacity 4996K, committed 5032K, reserved 1048576K
Event: 22.363 GC heap after
Heap after GC invocations=12 (full 2):
 PSYoungGen      total 88064K, used 0K [0x00000000e0000000, 0x00000000e6000000, 0x0000000100000000)
  eden space 77824K, 0% used [0x00000000e0000000,0x00000000e0000000,0x00000000e4c00000)
  from space 10240K, 0% used [0x00000000e5600000,0x00000000e5600000,0x00000000e6000000)
  to   space 10240K, 0% used [0x00000000e4c00000,0x00000000e4c00000,0x00000000e5600000)
 ParOldGen       total 90112K, used 17052K [0x00000000a0000000, 0x00000000a5800000, 0x00000000e0000000)
  object space 90112K, 18% used [0x00000000a0000000,0x00000000a10a72e0,0x00000000a5800000)
 Metaspace       used 34768K, capacity 35408K, committed 35496K, reserved 1079296K
  class space    used 4799K, capacity 4991K, committed 5032K, reserved 1048576K
}
Event: 25.454 GC heap before
{Heap before GC invocations=13 (full 2):
 PSYoungGen      total 88064K, used 77824K [0x00000000e0000000, 0x00000000e6000000, 0x0000000100000000)
  eden space 77824K, 100% used [0x00000000e0000000,0x00000000e4c00000,0x00000000e4c00000)
  from space 10240K, 0% used [0x00000000e5600000,0x00000000e5600000,0x00000000e6000000)
  to   space 10240K, 0% used [0x00000000e4c00000,0x00000000e4c00000,0x00000000e5600000)
 ParOldGen       total 90112K, used 17052K [0x00000000a0000000, 0x00000000a5800000, 0x00000000e0000000)
  object space 90112K, 18% used [0x00000000a0000000,0x00000000a10a72e0,0x00000000a5800000)
 Metaspace       used 43496K, capacity 44332K, committed 44584K, reserved 1087488K
  class space    used 5844K, capacity 6116K, committed 6184K, reserved 1048576K
Event: 25.470 GC heap after
Heap after GC invocations=13 (full 2):
 PSYoungGen      total 88064K, used 10209K [0x00000000e0000000, 0x00000000e7600000, 0x0000000100000000)
  eden space 77824K, 0% used [0x00000000e0000000,0x00000000e0000000,0x00000000e4c00000)
  from space 10240K, 99% used [0x00000000e4c00000,0x00000000e55f85e8,0x00000000e5600000)
  to   space 11776K, 0% used [0x00000000e6a80000,0x00000000e6a80000,0x00000000e7600000)
 ParOldGen       total 90112K, used 19171K [0x00000000a0000000, 0x00000000a5800000, 0x00000000e0000000)
  object space 90112K, 21% used [0x00000000a0000000,0x00000000a12b8e90,0x00000000a5800000)
 Metaspace       used 43496K, capacity 44332K, committed 44584K, reserved 1087488K
  class space    used 5844K, capacity 6116K, committed 6184K, reserved 1048576K
}

Deoptimization events (10 events):
Event: 24.430 Thread 0x00000000186ee800 Uncommon trap: reason=unstable_if action=reinterpret pc=0x0000000003cb5620 method=java.lang.ThreadLocal.get()Ljava/lang/Object; @ 11
Event: 24.482 Thread 0x00000000186ee800 Uncommon trap: reason=unstable_if action=reinterpret pc=0x0000000003afe414 method=java.util.HashMap.putVal(ILjava/lang/Object;Ljava/lang/Object;ZZ)Ljava/lang/Object; @ 236
Event: 24.535 Thread 0x00000000186ee800 Uncommon trap: reason=unstable_if action=reinterpret pc=0x00000000033cc9bc method=java.lang.CharacterDataLatin1.isWhitespace(I)Z @ 14
Event: 24.599 Thread 0x00000000186ee800 Uncommon trap: reason=unstable_if action=reinterpret pc=0x000000000347f7e4 method=java.util.jar.JarFile.getInputStream(Ljava/util/zip/ZipEntry;)Ljava/io/InputStream; @ 37
Event: 24.609 Thread 0x00000000186ee800 Uncommon trap: reason=unstable_if action=reinterpret pc=0x0000000003cc21c4 method=java.util.jar.JarFile$JarFileEntry.getCodeSigners()[Ljava/security/CodeSigner; @ 24
Event: 24.609 Thread 0x00000000186ee800 Uncommon trap: reason=unstable_if action=reinterpret pc=0x0000000003c0e7f0 method=java.security.CodeSource.<init>(Ljava/net/URL;[Ljava/security/CodeSigner;)V @ 25
Event: 24.611 Thread 0x00000000186ee800 Uncommon trap: reason=unstable_if action=reinterpret pc=0x00000000037d35ac method=java.security.CodeSource.getCertificates()[Ljava/security/cert/Certificate; @ 22
Event: 24.612 Thread 0x00000000186ee800 Uncommon trap: reason=unstable_if action=reinterpret pc=0x0000000003cfff3c method=java.security.CodeSource.matchCerts(Ljava/security/CodeSource;Z)Z @ 11
Event: 24.637 Thread 0x00000000186ee800 Uncommon trap: reason=unstable_if action=reinterpret pc=0x0000000003ce23d0 method=java.util.LinkedHashMap.get(Ljava/lang/Object;)Ljava/lang/Object; @ 20
Event: 24.714 Thread 0x00000000186ee800 Uncommon trap: reason=unstable_if action=reinterpret pc=0x0000000003aef628 method=org.objectweb.asm.ByteVector.putUTF8(Ljava/lang/String;)Lorg/objectweb/asm/ByteVector; @ 93

Classes redefined (0 events):
No events

Internal exceptions (10 events):
Event: 26.175 Thread 0x00000000186ee800 Exception <a 'sun/nio/fs/WindowsException'> (0x00000000e1e709c0) thrown at [D:\src\AOSP-openjdk-cygwin\jdk8u\hotspot\src\share\vm\prims\jni.cpp, line 709]
Event: 26.175 Thread 0x00000000186ee800 Exception <a 'sun/nio/fs/WindowsException'> (0x00000000e1e71738) thrown at [D:\src\AOSP-openjdk-cygwin\jdk8u\hotspot\src\share\vm\prims\jni.cpp, line 709]
Event: 26.280 Thread 0x00000000186ee800 Exception <a 'sun/nio/fs/WindowsException'> (0x00000000e1e75668) thrown at [D:\src\AOSP-openjdk-cygwin\jdk8u\hotspot\src\share\vm\prims\jni.cpp, line 709]
Event: 26.281 Thread 0x00000000186ee800 Exception <a 'sun/nio/fs/WindowsException'> (0x00000000e1e76370) thrown at [D:\src\AOSP-openjdk-cygwin\jdk8u\hotspot\src\share\vm\prims\jni.cpp, line 709]
Event: 26.281 Thread 0x00000000186ee800 Exception <a 'sun/nio/fs/WindowsException'> (0x00000000e1e78478) thrown at [D:\src\AOSP-openjdk-cygwin\jdk8u\hotspot\src\share\vm\prims\jni.cpp, line 709]
Event: 26.281 Thread 0x00000000186ee800 Exception <a 'sun/nio/fs/WindowsException'> (0x00000000e1e791c0) thrown at [D:\src\AOSP-openjdk-cygwin\jdk8u\hotspot\src\share\vm\prims\jni.cpp, line 709]
Event: 26.281 Thread 0x00000000186ee800 Exception <a 'sun/nio/fs/WindowsException'> (0x00000000e1e7c0f8) thrown at [D:\src\AOSP-openjdk-cygwin\jdk8u\hotspot\src\share\vm\prims\jni.cpp, line 709]
Event: 26.281 Thread 0x00000000186ee800 Exception <a 'sun/nio/fs/WindowsException'> (0x00000000e1e7ce40) thrown at [D:\src\AOSP-openjdk-cygwin\jdk8u\hotspot\src\share\vm\prims\jni.cpp, line 709]
Event: 26.281 Thread 0x00000000186ee800 Exception <a 'sun/nio/fs/WindowsException'> (0x00000000e1e7ef98) thrown at [D:\src\AOSP-openjdk-cygwin\jdk8u\hotspot\src\share\vm\prims\jni.cpp, line 709]
Event: 26.281 Thread 0x00000000186ee800 Exception <a 'sun/nio/fs/WindowsException'> (0x00000000e1e7ff00) thrown at [D:\src\AOSP-openjdk-cygwin\jdk8u\hotspot\src\share\vm\prims\jni.cpp, line 709]

Events (10 events):
Event: 26.141 loading class java/util/stream/Node$OfDouble done
Event: 26.141 loading class java/util/stream/Nodes$EmptyNode$OfDouble done
Event: 26.141 loading class java/util/stream/Nodes$SpinedNodeBuilder
Event: 26.142 loading class java/util/stream/Node$Builder
Event: 26.142 loading class java/util/stream/Node$Builder done
Event: 26.142 loading class java/util/stream/SpinedBuffer
Event: 26.142 loading class java/util/stream/AbstractSpinedBuffer
Event: 26.143 loading class java/util/stream/AbstractSpinedBuffer done
Event: 26.143 loading class java/util/stream/SpinedBuffer done
Event: 26.143 loading class java/util/stream/Nodes$SpinedNodeBuilder done


Dynamic libraries:
0x00007ff6c6ff0000 - 0x00007ff6c7021000 	C:\Program Files\Android\Android Studio\jre\bin\java.exe
0x00007ffa6b500000 - 0x00007ffa6b6e1000 	C:\Windows\SYSTEM32\ntdll.dll
0x00007ffa6ad40000 - 0x00007ffa6adf1000 	C:\Windows\System32\KERNEL32.DLL
0x00007ffa67a40000 - 0x00007ffa67cb3000 	C:\Windows\System32\KERNELBASE.dll
0x00007ffa68ee0000 - 0x00007ffa68f81000 	C:\Windows\System32\ADVAPI32.dll
0x00007ffa68980000 - 0x00007ffa68a1e000 	C:\Windows\System32\msvcrt.dll
0x00007ffa68e80000 - 0x00007ffa68edb000 	C:\Windows\System32\sechost.dll
0x00007ffa68d50000 - 0x00007ffa68e74000 	C:\Windows\System32\RPCRT4.dll
0x00007ffa6aed0000 - 0x00007ffa6b060000 	C:\Windows\System32\USER32.dll
0x00007ffa67cc0000 - 0x00007ffa67ce0000 	C:\Windows\System32\win32u.dll
0x00007ffa6b2b0000 - 0x00007ffa6b2d8000 	C:\Windows\System32\GDI32.dll
0x00007ffa67ce0000 - 0x00007ffa67e71000 	C:\Windows\System32\gdi32full.dll
0x00007ffa67940000 - 0x00007ffa679df000 	C:\Windows\System32\msvcp_win.dll
0x00007ffa68070000 - 0x00007ffa68168000 	C:\Windows\System32\ucrtbase.dll
0x00007ffa4d4e0000 - 0x00007ffa4d749000 	C:\Windows\WinSxS\amd64_microsoft.windows.common-controls_6595b64144ccf1df_6.0.17134.1006_none_d3fbb8f77c940c3f\COMCTL32.dll
0x00007ffa68a20000 - 0x00007ffa68d41000 	C:\Windows\System32\combase.dll
0x00007ffa678c0000 - 0x00007ffa67939000 	C:\Windows\System32\bcryptPrimitives.dll
0x00007ffa6a4d0000 - 0x00007ffa6a4fd000 	C:\Windows\System32\IMM32.DLL
0x0000000073ba0000 - 0x0000000073c72000 	C:\Program Files\Android\Android Studio\jre\jre\bin\msvcr100.dll
0x00000000748a0000 - 0x00000000750e1000 	C:\Program Files\Android\Android Studio\jre\jre\bin\server\jvm.dll
0x00007ffa6b240000 - 0x00007ffa6b248000 	C:\Windows\System32\PSAPI.DLL
0x00007ffa4e070000 - 0x00007ffa4e079000 	C:\Windows\SYSTEM32\WSOCK32.dll
0x00007ffa65370000 - 0x00007ffa65393000 	C:\Windows\SYSTEM32\WINMM.dll
0x00007ffa64350000 - 0x00007ffa6435a000 	C:\Windows\SYSTEM32\VERSION.dll
0x00007ffa6ae60000 - 0x00007ffa6aecc000 	C:\Windows\System32\WS2_32.dll
0x00007ffa64d70000 - 0x00007ffa64d9a000 	C:\Windows\SYSTEM32\winmmbase.dll
0x00007ffa68930000 - 0x00007ffa68979000 	C:\Windows\System32\cfgmgr32.dll
0x00007ffa4ee80000 - 0x00007ffa4ee8f000 	C:\Program Files\Android\Android Studio\jre\jre\bin\verify.dll
0x00007ffa22e80000 - 0x00007ffa22ea9000 	C:\Program Files\Android\Android Studio\jre\jre\bin\java.dll
0x00007ffa22e60000 - 0x00007ffa22e76000 	C:\Program Files\Android\Android Studio\jre\jre\bin\zip.dll
0x00007ffa69080000 - 0x00007ffa6a4c2000 	C:\Windows\System32\SHELL32.dll
0x00007ffa6ac90000 - 0x00007ffa6ad39000 	C:\Windows\System32\shcore.dll
0x00007ffa68170000 - 0x00007ffa6887e000 	C:\Windows\System32\windows.storage.dll
0x00007ffa6b250000 - 0x00007ffa6b2a1000 	C:\Windows\System32\shlwapi.dll
0x00007ffa678a0000 - 0x00007ffa678b1000 	C:\Windows\System32\kernel.appcore.dll
0x00007ffa67870000 - 0x00007ffa6788f000 	C:\Windows\System32\profapi.dll
0x00007ffa67820000 - 0x00007ffa6786c000 	C:\Windows\System32\powrprof.dll
0x00007ffa67890000 - 0x00007ffa6789a000 	C:\Windows\System32\FLTLIB.DLL
0x00007ffa22e40000 - 0x00007ffa22e5a000 	C:\Program Files\Android\Android Studio\jre\jre\bin\net.dll
0x00007ffa67020000 - 0x00007ffa67086000 	C:\Windows\system32\mswsock.dll
0x00007ffa22e20000 - 0x00007ffa22e31000 	C:\Program Files\Android\Android Studio\jre\jre\bin\nio.dll
0x00007ffa5b6c0000 - 0x00007ffa5b6de000 	C:\Users\Acer\.gradle\native\25\windows-amd64\native-platform.dll
0x00007ffa4e600000 - 0x00007ffa4e60d000 	C:\Program Files\Android\Android Studio\jre\jre\bin\management.dll
0x00007ffa671d0000 - 0x00007ffa671e7000 	C:\Windows\SYSTEM32\CRYPTSP.dll
0x00007ffa66bd0000 - 0x00007ffa66c03000 	C:\Windows\system32\rsaenh.dll
0x00007ffa67300000 - 0x00007ffa67325000 	C:\Windows\SYSTEM32\bcrypt.dll
0x00007ffa67730000 - 0x00007ffa67758000 	C:\Windows\SYSTEM32\USERENV.dll
0x00007ffa671f0000 - 0x00007ffa671fb000 	C:\Windows\SYSTEM32\CRYPTBASE.dll
0x00007ffa66d70000 - 0x00007ffa66da8000 	C:\Windows\SYSTEM32\IPHLPAPI.DLL
0x00007ffa6b070000 - 0x00007ffa6b078000 	C:\Windows\System32\NSI.dll
0x00007ffa5d7e0000 - 0x00007ffa5d7f6000 	C:\Windows\SYSTEM32\dhcpcsvc6.DLL
0x00007ffa5d900000 - 0x00007ffa5d91a000 	C:\Windows\SYSTEM32\dhcpcsvc.DLL

VM Arguments:
jvm_args: -Xmx1536m -Dfile.encoding=windows-1252 -Duser.country=ID -Duser.language=en -Duser.variant 
java_command: org.gradle.launcher.daemon.bootstrap.GradleDaemon 5.1.1
java_class_path (initial): C:\Users\Acer\.gradle\wrapper\dists\gradle-5.1.1-all\97z1ksx6lirer3kbvdnh7jtjg\gradle-5.1.1\lib\gradle-launcher-5.1.1.jar
Launcher Type: SUN_STANDARD

Environment Variables:
PATH=C:\Program Files (x86)\Common Files\Intel\Shared Libraries\redist\intel64\compiler;C:\Program Files (x86)\Intel\Intel(R) Management Engine Components\iCLS\;C:\Program Files\Intel\Intel(R) Management Engine Components\iCLS\;C:\Windows\system32;C:\Windows;C:\Windows\System32\Wbem;C:\Windows\System32\WindowsPowerShell\v1.0\;C:\Windows\System32\OpenSSH\;C:\Program Files (x86)\Intel\Intel(R) Management Engine Components\DAL;C:\Program Files\Intel\Intel(R) Management Engine Components\DAL;C:\Program Files\Intel\WiFi\bin\;C:\Program Files\Common Files\Intel\WirelessCommon\;C:\Program Files (x86)\Microsoft SQL Server\100\Tools\Binn\;C:\Program Files\Microsoft SQL Server\100\Tools\Binn\;C:\Program Files\Microsoft SQL Server\100\DTS\Binn\;C:\Program Files (x86)\Microsoft SQL Server\100\Tools\Binn\VSShell\Common7\IDE\;C:\Program Files (x86)\Microsoft SQL Server\100\DTS\Binn\;C:\Program Files\Git\cmd;C:\Program Files (x86)\GtkSharp\2.12\bin;C:\Users\Acer\AppData\Local\Microsoft\WindowsApps;
USERNAME=Acer
OS=Windows_NT
PROCESSOR_IDENTIFIER=Intel64 Family 6 Model 142 Stepping 10, GenuineIntel



---------------  S Y S T E M  ---------------

OS: Windows 10.0 , 64 bit Build 17134 (10.0.17134.753)

CPU:total 4 (initial active 4) (2 cores per cpu, 2 threads per core) family 6 model 142 stepping 10, cmov, cx8, fxsr, mmx, sse, sse2, sse3, ssse3, sse4.1, sse4.2, popcnt, avx, avx2, aes, clmul, erms, 3dnowpref, lzcnt, ht, tsc, tscinvbit, bmi1, bmi2, adx

Memory: 4k page, physical 8262884k(480744k free), swap 33428708k(5900k free)

vm_info: OpenJDK 64-Bit Server VM (25.152-b01) for windows-amd64 JRE (1.8.0_152-release-1343-b01), built by "builder" with MS VC++ 10.0 (VS2010)

time: Thu Dec 12 10:16:34 2019
elapsed time: 26 seconds (0d 0h 0m 26s)

